<?xml version="1.0" encoding="UTF-8"?>
<!-- Generated by org.testng.reporters.JUnitReportReporter -->
<testsuite skipped="0" hostname="DESKTOP-6ADHJUE" name="com.crm.qa.testcases.ContactsPageTest" tests="3" failures="0" timestamp="2021-09-22T20:16:10 IST" time="61.806" errors="0">
  <testcase name="verifyContactsPageLabel" time="20.317" classname="com.crm.qa.testcases.ContactsPageTest"/>
  <system-out/>
  <testcase name="selectContactsTest" time="20.613" classname="com.crm.qa.testcases.ContactsPageTest"/>
  <system-out/>
  <testcase name="multipleContactsclicktest" time="20.876" classname="com.crm.qa.testcases.ContactsPageTest"/>
  <system-out/>
</testsuite> <!-- com.crm.qa.testcases.ContactsPageTest -->
