<?xml version="1.0" encoding="UTF-8"?>
<!-- Generated by org.testng.reporters.JUnitReportReporter -->
<testsuite skipped="0" hostname="DESKTOP-6ADHJUE" name="com.crm.qa.testcases.HomePageTest" tests="3" failures="0" timestamp="2021-09-22T20:16:10 IST" time="59.096" errors="0">
  <testcase name="verifyHomePageTitleTest" time="21.706" classname="com.crm.qa.testcases.HomePageTest"/>
  <system-out/>
  <testcase name="verifyUsernametest" time="16.546" classname="com.crm.qa.testcases.HomePageTest"/>
  <system-out/>
  <testcase name="verifyContactslinkTest" time="20.844" classname="com.crm.qa.testcases.HomePageTest"/>
  <system-out/>
</testsuite> <!-- com.crm.qa.testcases.HomePageTest -->
