<?xml version="1.0" encoding="UTF-8"?>
<!-- Generated by org.testng.reporters.JUnitReportReporter -->
<testsuite skipped="0" hostname="DESKTOP-6ADHJUE" name="com.qa.base.Logintest" tests="1" failures="0" timestamp="2021-09-21T16:15:16 IST" time="9.584" errors="0">
  <testcase name="setup" time="9.584" classname="com.qa.base.Logintest"/>
  <system-out/>
</testsuite> <!-- com.qa.base.Logintest -->
