<?xml version="1.0" encoding="UTF-8"?>
<!-- Generated by org.testng.reporters.JUnitReportReporter -->
<testsuite skipped="0" hostname="DESKTOP-6ADHJUE" name="com.crm.qa.testcases.LoginPageTest" tests="3" failures="0" timestamp="2021-09-22T20:16:10 IST" time="38.829" errors="0">
  <testcase name="crmLogoImageTest" time="8.382" classname="com.crm.qa.testcases.LoginPageTest"/>
  <system-out/>
  <testcase name="loginPageTitleTest" time="10.981" classname="com.crm.qa.testcases.LoginPageTest"/>
  <system-out/>
  <testcase name="loginTest" time="19.466" classname="com.crm.qa.testcases.LoginPageTest"/>
  <system-out/>
</testsuite> <!-- com.crm.qa.testcases.LoginPageTest -->
