<?xml version="1.0" encoding="UTF-8"?>
<!-- Generated by org.testng.reporters.JUnitReportReporter -->
<testsuite skipped="0" hostname="DESKTOP-6ADHJUE" name="com.crm.qa.testcases.LogsTest" tests="2" failures="0" timestamp="2021-09-22T21:11:54 IST" time="20.636" errors="0">
  <testcase name="freeCrmTitleTest" time="11.044" classname="com.crm.qa.testcases.LogsTest"/>
  <system-out/>
  <testcase name="freemCRMLogoTest" time="9.592" classname="com.crm.qa.testcases.LogsTest"/>
  <system-out/>
</testsuite> <!-- com.crm.qa.testcases.LogsTest -->
