<?xml version="1.0" encoding="UTF-8"?>
<!-- Generated by org.testng.reporters.JUnitReportReporter -->
<testsuite skipped="0" hostname="DESKTOP-6ADHJUE" name="com.qa.test.LoginPage" tests="1" failures="0" timestamp="2021-09-21T15:43:47 IST" time="10.117" errors="0">
  <testcase name="setUp" time="10.117" classname="com.qa.test.LoginPage"/>
  <system-out/>
</testsuite> <!-- com.qa.test.LoginPage -->
